INFO - 2026-03-30 04:26:14 --> Session: Class initialized using 'CodeIgniter\Session\Handlers\FileHandler' driver.
INFO - 2026-03-30 04:27:17 --> Session: Class initialized using 'CodeIgniter\Session\Handlers\FileHandler' driver.
ERROR - 2026-03-30 04:27:22 --> Error connecting to the database: mysqli_sql_exception: No connection could be made because the target machine actively refused it in D:\XAMPP\htdocs\pos_ynm_coffe\system\Database\MySQLi\Connection.php:186
Stack trace:
#0 D:\XAMPP\htdocs\pos_ynm_coffe\system\Database\MySQLi\Connection.php(186): mysqli->real_connect('localhost', 'root', Object(SensitiveParameterValue), 'db_ynm', 3306, '', 0)
#1 D:\XAMPP\htdocs\pos_ynm_coffe\system\Database\BaseConnection.php(421): CodeIgniter\Database\MySQLi\Connection->connect(false)
#2 D:\XAMPP\htdocs\pos_ynm_coffe\system\Database\BaseConnection.php(616): CodeIgniter\Database\BaseConnection->initialize()
#3 D:\XAMPP\htdocs\pos_ynm_coffe\system\Database\BaseBuilder.php(1644): CodeIgniter\Database\BaseConnection->query('SELECT *\nFROM `...', Array, false)
#4 D:\XAMPP\htdocs\pos_ynm_coffe\system\Model.php(330): CodeIgniter\Database\BaseBuilder->get()
#5 D:\XAMPP\htdocs\pos_ynm_coffe\system\BaseModel.php(714): CodeIgniter\Model->doFirst()
#6 D:\XAMPP\htdocs\pos_ynm_coffe\app\Controllers\AuthController.php(27): CodeIgniter\BaseModel->first()
#7 D:\XAMPP\htdocs\pos_ynm_coffe\system\CodeIgniter.php(933): App\Controllers\AuthController->process()
#8 D:\XAMPP\htdocs\pos_ynm_coffe\system\CodeIgniter.php(509): CodeIgniter\CodeIgniter->runController(Object(App\Controllers\AuthController))
#9 D:\XAMPP\htdocs\pos_ynm_coffe\system\CodeIgniter.php(355): CodeIgniter\CodeIgniter->handleRequest(NULL, Object(Config\Cache), false)
#10 D:\XAMPP\htdocs\pos_ynm_coffe\system\Boot.php(325): CodeIgniter\CodeIgniter->run()
#11 D:\XAMPP\htdocs\pos_ynm_coffe\system\Boot.php(67): CodeIgniter\Boot::runCodeIgniter(Object(CodeIgniter\CodeIgniter))
#12 D:\XAMPP\htdocs\pos_ynm_coffe\public\index.php(56): CodeIgniter\Boot::bootWeb(Object(Config\Paths))
#13 D:\XAMPP\htdocs\pos_ynm_coffe\system\rewrite.php(44): require_once('D:\\XAMPP\\htdocs...')
#14 {main}

Next CodeIgniter\Database\Exceptions\DatabaseException: No connection could be made because the target machine actively refused it in D:\XAMPP\htdocs\pos_ynm_coffe\system\Database\MySQLi\Connection.php:231
Stack trace:
#0 D:\XAMPP\htdocs\pos_ynm_coffe\system\Database\BaseConnection.php(421): CodeIgniter\Database\MySQLi\Connection->connect(false)
#1 D:\XAMPP\htdocs\pos_ynm_coffe\system\Database\BaseConnection.php(616): CodeIgniter\Database\BaseConnection->initialize()
#2 D:\XAMPP\htdocs\pos_ynm_coffe\system\Database\BaseBuilder.php(1644): CodeIgniter\Database\BaseConnection->query('SELECT *\nFROM `...', Array, false)
#3 D:\XAMPP\htdocs\pos_ynm_coffe\system\Model.php(330): CodeIgniter\Database\BaseBuilder->get()
#4 D:\XAMPP\htdocs\pos_ynm_coffe\system\BaseModel.php(714): CodeIgniter\Model->doFirst()
#5 D:\XAMPP\htdocs\pos_ynm_coffe\app\Controllers\AuthController.php(27): CodeIgniter\BaseModel->first()
#6 D:\XAMPP\htdocs\pos_ynm_coffe\system\CodeIgniter.php(933): App\Controllers\AuthController->process()
#7 D:\XAMPP\htdocs\pos_ynm_coffe\system\CodeIgniter.php(509): CodeIgniter\CodeIgniter->runController(Object(App\Controllers\AuthController))
#8 D:\XAMPP\htdocs\pos_ynm_coffe\system\CodeIgniter.php(355): CodeIgniter\CodeIgniter->handleRequest(NULL, Object(Config\Cache), false)
#9 D:\XAMPP\htdocs\pos_ynm_coffe\system\Boot.php(325): CodeIgniter\CodeIgniter->run()
#10 D:\XAMPP\htdocs\pos_ynm_coffe\system\Boot.php(67): CodeIgniter\Boot::runCodeIgniter(Object(CodeIgniter\CodeIgniter))
#11 D:\XAMPP\htdocs\pos_ynm_coffe\public\index.php(56): CodeIgniter\Boot::bootWeb(Object(Config\Paths))
#12 D:\XAMPP\htdocs\pos_ynm_coffe\system\rewrite.php(44): require_once('D:\\XAMPP\\htdocs...')
#13 {main}
CRITICAL - 2026-03-30 04:27:22 --> CodeIgniter\Database\Exceptions\DatabaseException: Unable to connect to the database.
Main connection [MySQLi]: No connection could be made because the target machine actively refused it
[Method: POST, Route: login/process]
in SYSTEMPATH\Database\BaseConnection.php on line 467.
 1 SYSTEMPATH\Database\BaseConnection.php(616): CodeIgniter\Database\BaseConnection->initialize()
 2 SYSTEMPATH\Database\BaseBuilder.php(1644): CodeIgniter\Database\BaseConnection->query('SELECT *
FROM `users`
WHERE `username` = :username:
 LIMIT 1', [...], false)
 3 SYSTEMPATH\Model.php(330): CodeIgniter\Database\BaseBuilder->get()
 4 SYSTEMPATH\BaseModel.php(714): CodeIgniter\Model->doFirst()
 5 APPPATH\Controllers\AuthController.php(27): CodeIgniter\BaseModel->first()
 6 SYSTEMPATH\CodeIgniter.php(933): App\Controllers\AuthController->process()
 7 SYSTEMPATH\CodeIgniter.php(509): CodeIgniter\CodeIgniter->runController(Object(App\Controllers\AuthController))
 8 SYSTEMPATH\CodeIgniter.php(355): CodeIgniter\CodeIgniter->handleRequest(null, Object(Config\Cache), false)
 9 SYSTEMPATH\Boot.php(325): CodeIgniter\CodeIgniter->run()
10 SYSTEMPATH\Boot.php(67): CodeIgniter\Boot::runCodeIgniter(Object(CodeIgniter\CodeIgniter))
11 FCPATH\index.php(56): CodeIgniter\Boot::bootWeb(Object(Config\Paths))
12 SYSTEMPATH\rewrite.php(44): require_once('D:\\XAMPP\\htdocs\\pos_ynm_coffe\\public\\index.php')
INFO - 2026-03-30 04:28:37 --> Session: Class initialized using 'CodeIgniter\Session\Handlers\FileHandler' driver.
INFO - 2026-03-30 04:28:38 --> Session: Class initialized using 'CodeIgniter\Session\Handlers\FileHandler' driver.
INFO - 2026-03-30 04:37:53 --> Session: Class initialized using 'CodeIgniter\Session\Handlers\FileHandler' driver.
CRITICAL - 2026-03-30 04:37:55 --> ErrorException: Undefined variable $selectedDate
[Method: GET, Route: owner/reservations]
in APPPATH\Views\owner\reservations.php on line 16.
 1 APPPATH\Views\owner\reservations.php(16): CodeIgniter\Debug\Exceptions->errorHandler(2, 'Undefined variable $selectedDate', 'D:\\XAMPP\\htdocs\\pos_ynm_coffe\\app\\Views\\owner\\reservations.php', 16)
 2 SYSTEMPATH\View\View.php(234): include('D:\\XAMPP\\htdocs\\pos_ynm_coffe\\app\\Views\\owner\\reservations.php')
 3 SYSTEMPATH\View\View.php(237): CodeIgniter\View\View->CodeIgniter\View\{closure}()
 4 SYSTEMPATH\Common.php(1171): CodeIgniter\View\View->render('owner/reservations', [], true)
 5 APPPATH\Controllers\OwnerController.php(149): view('owner/reservations', [...])
 6 SYSTEMPATH\CodeIgniter.php(933): App\Controllers\OwnerController->reservations()
 7 SYSTEMPATH\CodeIgniter.php(509): CodeIgniter\CodeIgniter->runController(Object(App\Controllers\OwnerController))
 8 SYSTEMPATH\CodeIgniter.php(355): CodeIgniter\CodeIgniter->handleRequest(null, Object(Config\Cache), false)
 9 SYSTEMPATH\Boot.php(325): CodeIgniter\CodeIgniter->run()
10 SYSTEMPATH\Boot.php(67): CodeIgniter\Boot::runCodeIgniter(Object(CodeIgniter\CodeIgniter))
11 FCPATH\index.php(56): CodeIgniter\Boot::bootWeb(Object(Config\Paths))
12 SYSTEMPATH\rewrite.php(44): require_once('D:\\XAMPP\\htdocs\\pos_ynm_coffe\\public\\index.php')
INFO - 2026-03-30 04:42:04 --> Session: Class initialized using 'CodeIgniter\Session\Handlers\FileHandler' driver.
INFO - 2026-03-30 08:35:47 --> Session: Class initialized using 'CodeIgniter\Session\Handlers\FileHandler' driver.
INFO - 2026-03-30 08:36:01 --> Session: Class initialized using 'CodeIgniter\Session\Handlers\FileHandler' driver.
INFO - 2026-03-30 08:36:01 --> Session: Class initialized using 'CodeIgniter\Session\Handlers\FileHandler' driver.
INFO - 2026-03-30 08:36:09 --> Session: Class initialized using 'CodeIgniter\Session\Handlers\FileHandler' driver.
INFO - 2026-03-30 08:36:23 --> Session: Class initialized using 'CodeIgniter\Session\Handlers\FileHandler' driver.
INFO - 2026-03-30 08:36:23 --> Session: Class initialized using 'CodeIgniter\Session\Handlers\FileHandler' driver.
INFO - 2026-03-30 08:36:34 --> Session: Class initialized using 'CodeIgniter\Session\Handlers\FileHandler' driver.
INFO - 2026-03-30 08:36:34 --> Session: Class initialized using 'CodeIgniter\Session\Handlers\FileHandler' driver.
INFO - 2026-03-30 08:36:45 --> Session: Class initialized using 'CodeIgniter\Session\Handlers\FileHandler' driver.
INFO - 2026-03-30 08:36:45 --> Session: Class initialized using 'CodeIgniter\Session\Handlers\FileHandler' driver.
INFO - 2026-03-30 08:36:56 --> Session: Class initialized using 'CodeIgniter\Session\Handlers\FileHandler' driver.
INFO - 2026-03-30 08:37:28 --> Session: Class initialized using 'CodeIgniter\Session\Handlers\FileHandler' driver.
INFO - 2026-03-30 08:39:38 --> Session: Class initialized using 'CodeIgniter\Session\Handlers\FileHandler' driver.
INFO - 2026-03-30 08:40:35 --> Session: Class initialized using 'CodeIgniter\Session\Handlers\FileHandler' driver.
INFO - 2026-03-30 08:40:49 --> Session: Class initialized using 'CodeIgniter\Session\Handlers\FileHandler' driver.
INFO - 2026-03-30 08:41:05 --> Session: Class initialized using 'CodeIgniter\Session\Handlers\FileHandler' driver.
