INFO - 2026-04-02 03:44:46 --> Session: Class initialized using 'CodeIgniter\Session\Handlers\FileHandler' driver.
INFO - 2026-04-02 03:45:00 --> Session: Class initialized using 'CodeIgniter\Session\Handlers\FileHandler' driver.
ERROR - 2026-04-02 03:45:05 --> Error connecting to the database: mysqli_sql_exception: No connection could be made because the target machine actively refused it in D:\XAMPP\htdocs\pos_ynm_coffe\system\Database\MySQLi\Connection.php:186
Stack trace:
#0 D:\XAMPP\htdocs\pos_ynm_coffe\system\Database\MySQLi\Connection.php(186): mysqli->real_connect('localhost', 'root', Object(SensitiveParameterValue), 'db_ynm', 3306, '', 0)
#1 D:\XAMPP\htdocs\pos_ynm_coffe\system\Database\BaseConnection.php(421): CodeIgniter\Database\MySQLi\Connection->connect(false)
#2 D:\XAMPP\htdocs\pos_ynm_coffe\system\Database\BaseConnection.php(616): CodeIgniter\Database\BaseConnection->initialize()
#3 D:\XAMPP\htdocs\pos_ynm_coffe\system\Database\BaseBuilder.php(1644): CodeIgniter\Database\BaseConnection->query('SELECT *\nFROM `...', Array, false)
#4 D:\XAMPP\htdocs\pos_ynm_coffe\system\Model.php(330): CodeIgniter\Database\BaseBuilder->get()
#5 D:\XAMPP\htdocs\pos_ynm_coffe\system\BaseModel.php(714): CodeIgniter\Model->doFirst()
#6 D:\XAMPP\htdocs\pos_ynm_coffe\app\Controllers\AuthController.php(27): CodeIgniter\BaseModel->first()
#7 D:\XAMPP\htdocs\pos_ynm_coffe\system\CodeIgniter.php(933): App\Controllers\AuthController->process()
#8 D:\XAMPP\htdocs\pos_ynm_coffe\system\CodeIgniter.php(509): CodeIgniter\CodeIgniter->runController(Object(App\Controllers\AuthController))
#9 D:\XAMPP\htdocs\pos_ynm_coffe\system\CodeIgniter.php(355): CodeIgniter\CodeIgniter->handleRequest(NULL, Object(Config\Cache), false)
#10 D:\XAMPP\htdocs\pos_ynm_coffe\system\Boot.php(325): CodeIgniter\CodeIgniter->run()
#11 D:\XAMPP\htdocs\pos_ynm_coffe\system\Boot.php(67): CodeIgniter\Boot::runCodeIgniter(Object(CodeIgniter\CodeIgniter))
#12 D:\XAMPP\htdocs\pos_ynm_coffe\public\index.php(56): CodeIgniter\Boot::bootWeb(Object(Config\Paths))
#13 D:\XAMPP\htdocs\pos_ynm_coffe\system\rewrite.php(44): require_once('D:\\XAMPP\\htdocs...')
#14 {main}

Next CodeIgniter\Database\Exceptions\DatabaseException: No connection could be made because the target machine actively refused it in D:\XAMPP\htdocs\pos_ynm_coffe\system\Database\MySQLi\Connection.php:231
Stack trace:
#0 D:\XAMPP\htdocs\pos_ynm_coffe\system\Database\BaseConnection.php(421): CodeIgniter\Database\MySQLi\Connection->connect(false)
#1 D:\XAMPP\htdocs\pos_ynm_coffe\system\Database\BaseConnection.php(616): CodeIgniter\Database\BaseConnection->initialize()
#2 D:\XAMPP\htdocs\pos_ynm_coffe\system\Database\BaseBuilder.php(1644): CodeIgniter\Database\BaseConnection->query('SELECT *\nFROM `...', Array, false)
#3 D:\XAMPP\htdocs\pos_ynm_coffe\system\Model.php(330): CodeIgniter\Database\BaseBuilder->get()
#4 D:\XAMPP\htdocs\pos_ynm_coffe\system\BaseModel.php(714): CodeIgniter\Model->doFirst()
#5 D:\XAMPP\htdocs\pos_ynm_coffe\app\Controllers\AuthController.php(27): CodeIgniter\BaseModel->first()
#6 D:\XAMPP\htdocs\pos_ynm_coffe\system\CodeIgniter.php(933): App\Controllers\AuthController->process()
#7 D:\XAMPP\htdocs\pos_ynm_coffe\system\CodeIgniter.php(509): CodeIgniter\CodeIgniter->runController(Object(App\Controllers\AuthController))
#8 D:\XAMPP\htdocs\pos_ynm_coffe\system\CodeIgniter.php(355): CodeIgniter\CodeIgniter->handleRequest(NULL, Object(Config\Cache), false)
#9 D:\XAMPP\htdocs\pos_ynm_coffe\system\Boot.php(325): CodeIgniter\CodeIgniter->run()
#10 D:\XAMPP\htdocs\pos_ynm_coffe\system\Boot.php(67): CodeIgniter\Boot::runCodeIgniter(Object(CodeIgniter\CodeIgniter))
#11 D:\XAMPP\htdocs\pos_ynm_coffe\public\index.php(56): CodeIgniter\Boot::bootWeb(Object(Config\Paths))
#12 D:\XAMPP\htdocs\pos_ynm_coffe\system\rewrite.php(44): require_once('D:\\XAMPP\\htdocs...')
#13 {main}
CRITICAL - 2026-04-02 03:45:05 --> CodeIgniter\Database\Exceptions\DatabaseException: Unable to connect to the database.
Main connection [MySQLi]: No connection could be made because the target machine actively refused it
[Method: POST, Route: login/process]
in SYSTEMPATH\Database\BaseConnection.php on line 467.
 1 SYSTEMPATH\Database\BaseConnection.php(616): CodeIgniter\Database\BaseConnection->initialize()
 2 SYSTEMPATH\Database\BaseBuilder.php(1644): CodeIgniter\Database\BaseConnection->query('SELECT *
FROM `users`
WHERE `username` = :username:
 LIMIT 1', [...], false)
 3 SYSTEMPATH\Model.php(330): CodeIgniter\Database\BaseBuilder->get()
 4 SYSTEMPATH\BaseModel.php(714): CodeIgniter\Model->doFirst()
 5 APPPATH\Controllers\AuthController.php(27): CodeIgniter\BaseModel->first()
 6 SYSTEMPATH\CodeIgniter.php(933): App\Controllers\AuthController->process()
 7 SYSTEMPATH\CodeIgniter.php(509): CodeIgniter\CodeIgniter->runController(Object(App\Controllers\AuthController))
 8 SYSTEMPATH\CodeIgniter.php(355): CodeIgniter\CodeIgniter->handleRequest(null, Object(Config\Cache), false)
 9 SYSTEMPATH\Boot.php(325): CodeIgniter\CodeIgniter->run()
10 SYSTEMPATH\Boot.php(67): CodeIgniter\Boot::runCodeIgniter(Object(CodeIgniter\CodeIgniter))
11 FCPATH\index.php(56): CodeIgniter\Boot::bootWeb(Object(Config\Paths))
12 SYSTEMPATH\rewrite.php(44): require_once('D:\\XAMPP\\htdocs\\pos_ynm_coffe\\public\\index.php')
INFO - 2026-04-02 03:45:30 --> Session: Class initialized using 'CodeIgniter\Session\Handlers\FileHandler' driver.
ERROR - 2026-04-02 03:45:34 --> Error connecting to the database: mysqli_sql_exception: No connection could be made because the target machine actively refused it in D:\XAMPP\htdocs\pos_ynm_coffe\system\Database\MySQLi\Connection.php:186
Stack trace:
#0 D:\XAMPP\htdocs\pos_ynm_coffe\system\Database\MySQLi\Connection.php(186): mysqli->real_connect('localhost', 'root', Object(SensitiveParameterValue), 'db_ynm', 3306, '', 0)
#1 D:\XAMPP\htdocs\pos_ynm_coffe\system\Database\BaseConnection.php(421): CodeIgniter\Database\MySQLi\Connection->connect(false)
#2 D:\XAMPP\htdocs\pos_ynm_coffe\system\Database\BaseConnection.php(616): CodeIgniter\Database\BaseConnection->initialize()
#3 D:\XAMPP\htdocs\pos_ynm_coffe\system\Database\BaseBuilder.php(1644): CodeIgniter\Database\BaseConnection->query('SELECT *\nFROM `...', Array, false)
#4 D:\XAMPP\htdocs\pos_ynm_coffe\system\Model.php(330): CodeIgniter\Database\BaseBuilder->get()
#5 D:\XAMPP\htdocs\pos_ynm_coffe\system\BaseModel.php(714): CodeIgniter\Model->doFirst()
#6 D:\XAMPP\htdocs\pos_ynm_coffe\app\Controllers\AuthController.php(27): CodeIgniter\BaseModel->first()
#7 D:\XAMPP\htdocs\pos_ynm_coffe\system\CodeIgniter.php(933): App\Controllers\AuthController->process()
#8 D:\XAMPP\htdocs\pos_ynm_coffe\system\CodeIgniter.php(509): CodeIgniter\CodeIgniter->runController(Object(App\Controllers\AuthController))
#9 D:\XAMPP\htdocs\pos_ynm_coffe\system\CodeIgniter.php(355): CodeIgniter\CodeIgniter->handleRequest(NULL, Object(Config\Cache), false)
#10 D:\XAMPP\htdocs\pos_ynm_coffe\system\Boot.php(325): CodeIgniter\CodeIgniter->run()
#11 D:\XAMPP\htdocs\pos_ynm_coffe\system\Boot.php(67): CodeIgniter\Boot::runCodeIgniter(Object(CodeIgniter\CodeIgniter))
#12 D:\XAMPP\htdocs\pos_ynm_coffe\public\index.php(56): CodeIgniter\Boot::bootWeb(Object(Config\Paths))
#13 D:\XAMPP\htdocs\pos_ynm_coffe\system\rewrite.php(44): require_once('D:\\XAMPP\\htdocs...')
#14 {main}

Next CodeIgniter\Database\Exceptions\DatabaseException: No connection could be made because the target machine actively refused it in D:\XAMPP\htdocs\pos_ynm_coffe\system\Database\MySQLi\Connection.php:231
Stack trace:
#0 D:\XAMPP\htdocs\pos_ynm_coffe\system\Database\BaseConnection.php(421): CodeIgniter\Database\MySQLi\Connection->connect(false)
#1 D:\XAMPP\htdocs\pos_ynm_coffe\system\Database\BaseConnection.php(616): CodeIgniter\Database\BaseConnection->initialize()
#2 D:\XAMPP\htdocs\pos_ynm_coffe\system\Database\BaseBuilder.php(1644): CodeIgniter\Database\BaseConnection->query('SELECT *\nFROM `...', Array, false)
#3 D:\XAMPP\htdocs\pos_ynm_coffe\system\Model.php(330): CodeIgniter\Database\BaseBuilder->get()
#4 D:\XAMPP\htdocs\pos_ynm_coffe\system\BaseModel.php(714): CodeIgniter\Model->doFirst()
#5 D:\XAMPP\htdocs\pos_ynm_coffe\app\Controllers\AuthController.php(27): CodeIgniter\BaseModel->first()
#6 D:\XAMPP\htdocs\pos_ynm_coffe\system\CodeIgniter.php(933): App\Controllers\AuthController->process()
#7 D:\XAMPP\htdocs\pos_ynm_coffe\system\CodeIgniter.php(509): CodeIgniter\CodeIgniter->runController(Object(App\Controllers\AuthController))
#8 D:\XAMPP\htdocs\pos_ynm_coffe\system\CodeIgniter.php(355): CodeIgniter\CodeIgniter->handleRequest(NULL, Object(Config\Cache), false)
#9 D:\XAMPP\htdocs\pos_ynm_coffe\system\Boot.php(325): CodeIgniter\CodeIgniter->run()
#10 D:\XAMPP\htdocs\pos_ynm_coffe\system\Boot.php(67): CodeIgniter\Boot::runCodeIgniter(Object(CodeIgniter\CodeIgniter))
#11 D:\XAMPP\htdocs\pos_ynm_coffe\public\index.php(56): CodeIgniter\Boot::bootWeb(Object(Config\Paths))
#12 D:\XAMPP\htdocs\pos_ynm_coffe\system\rewrite.php(44): require_once('D:\\XAMPP\\htdocs...')
#13 {main}
CRITICAL - 2026-04-02 03:45:34 --> CodeIgniter\Database\Exceptions\DatabaseException: Unable to connect to the database.
Main connection [MySQLi]: No connection could be made because the target machine actively refused it
[Method: POST, Route: login/process]
in SYSTEMPATH\Database\BaseConnection.php on line 467.
 1 SYSTEMPATH\Database\BaseConnection.php(616): CodeIgniter\Database\BaseConnection->initialize()
 2 SYSTEMPATH\Database\BaseBuilder.php(1644): CodeIgniter\Database\BaseConnection->query('SELECT *
FROM `users`
WHERE `username` = :username:
 LIMIT 1', [...], false)
 3 SYSTEMPATH\Model.php(330): CodeIgniter\Database\BaseBuilder->get()
 4 SYSTEMPATH\BaseModel.php(714): CodeIgniter\Model->doFirst()
 5 APPPATH\Controllers\AuthController.php(27): CodeIgniter\BaseModel->first()
 6 SYSTEMPATH\CodeIgniter.php(933): App\Controllers\AuthController->process()
 7 SYSTEMPATH\CodeIgniter.php(509): CodeIgniter\CodeIgniter->runController(Object(App\Controllers\AuthController))
 8 SYSTEMPATH\CodeIgniter.php(355): CodeIgniter\CodeIgniter->handleRequest(null, Object(Config\Cache), false)
 9 SYSTEMPATH\Boot.php(325): CodeIgniter\CodeIgniter->run()
10 SYSTEMPATH\Boot.php(67): CodeIgniter\Boot::runCodeIgniter(Object(CodeIgniter\CodeIgniter))
11 FCPATH\index.php(56): CodeIgniter\Boot::bootWeb(Object(Config\Paths))
12 SYSTEMPATH\rewrite.php(44): require_once('D:\\XAMPP\\htdocs\\pos_ynm_coffe\\public\\index.php')
INFO - 2026-04-02 03:45:44 --> Session: Class initialized using 'CodeIgniter\Session\Handlers\FileHandler' driver.
INFO - 2026-04-02 03:45:59 --> Session: Class initialized using 'CodeIgniter\Session\Handlers\FileHandler' driver.
ERROR - 2026-04-02 03:46:03 --> Error connecting to the database: mysqli_sql_exception: No connection could be made because the target machine actively refused it in D:\XAMPP\htdocs\pos_ynm_coffe\system\Database\MySQLi\Connection.php:186
Stack trace:
#0 D:\XAMPP\htdocs\pos_ynm_coffe\system\Database\MySQLi\Connection.php(186): mysqli->real_connect('localhost', 'root', Object(SensitiveParameterValue), 'db_ynm', 3306, '', 0)
#1 D:\XAMPP\htdocs\pos_ynm_coffe\system\Database\BaseConnection.php(421): CodeIgniter\Database\MySQLi\Connection->connect(false)
#2 D:\XAMPP\htdocs\pos_ynm_coffe\system\Database\BaseConnection.php(616): CodeIgniter\Database\BaseConnection->initialize()
#3 D:\XAMPP\htdocs\pos_ynm_coffe\system\Database\BaseBuilder.php(1644): CodeIgniter\Database\BaseConnection->query('SELECT *\nFROM `...', Array, false)
#4 D:\XAMPP\htdocs\pos_ynm_coffe\system\Model.php(330): CodeIgniter\Database\BaseBuilder->get()
#5 D:\XAMPP\htdocs\pos_ynm_coffe\system\BaseModel.php(714): CodeIgniter\Model->doFirst()
#6 D:\XAMPP\htdocs\pos_ynm_coffe\app\Controllers\AuthController.php(27): CodeIgniter\BaseModel->first()
#7 D:\XAMPP\htdocs\pos_ynm_coffe\system\CodeIgniter.php(933): App\Controllers\AuthController->process()
#8 D:\XAMPP\htdocs\pos_ynm_coffe\system\CodeIgniter.php(509): CodeIgniter\CodeIgniter->runController(Object(App\Controllers\AuthController))
#9 D:\XAMPP\htdocs\pos_ynm_coffe\system\CodeIgniter.php(355): CodeIgniter\CodeIgniter->handleRequest(NULL, Object(Config\Cache), false)
#10 D:\XAMPP\htdocs\pos_ynm_coffe\system\Boot.php(325): CodeIgniter\CodeIgniter->run()
#11 D:\XAMPP\htdocs\pos_ynm_coffe\system\Boot.php(67): CodeIgniter\Boot::runCodeIgniter(Object(CodeIgniter\CodeIgniter))
#12 D:\XAMPP\htdocs\pos_ynm_coffe\public\index.php(56): CodeIgniter\Boot::bootWeb(Object(Config\Paths))
#13 D:\XAMPP\htdocs\pos_ynm_coffe\system\rewrite.php(44): require_once('D:\\XAMPP\\htdocs...')
#14 {main}

Next CodeIgniter\Database\Exceptions\DatabaseException: No connection could be made because the target machine actively refused it in D:\XAMPP\htdocs\pos_ynm_coffe\system\Database\MySQLi\Connection.php:231
Stack trace:
#0 D:\XAMPP\htdocs\pos_ynm_coffe\system\Database\BaseConnection.php(421): CodeIgniter\Database\MySQLi\Connection->connect(false)
#1 D:\XAMPP\htdocs\pos_ynm_coffe\system\Database\BaseConnection.php(616): CodeIgniter\Database\BaseConnection->initialize()
#2 D:\XAMPP\htdocs\pos_ynm_coffe\system\Database\BaseBuilder.php(1644): CodeIgniter\Database\BaseConnection->query('SELECT *\nFROM `...', Array, false)
#3 D:\XAMPP\htdocs\pos_ynm_coffe\system\Model.php(330): CodeIgniter\Database\BaseBuilder->get()
#4 D:\XAMPP\htdocs\pos_ynm_coffe\system\BaseModel.php(714): CodeIgniter\Model->doFirst()
#5 D:\XAMPP\htdocs\pos_ynm_coffe\app\Controllers\AuthController.php(27): CodeIgniter\BaseModel->first()
#6 D:\XAMPP\htdocs\pos_ynm_coffe\system\CodeIgniter.php(933): App\Controllers\AuthController->process()
#7 D:\XAMPP\htdocs\pos_ynm_coffe\system\CodeIgniter.php(509): CodeIgniter\CodeIgniter->runController(Object(App\Controllers\AuthController))
#8 D:\XAMPP\htdocs\pos_ynm_coffe\system\CodeIgniter.php(355): CodeIgniter\CodeIgniter->handleRequest(NULL, Object(Config\Cache), false)
#9 D:\XAMPP\htdocs\pos_ynm_coffe\system\Boot.php(325): CodeIgniter\CodeIgniter->run()
#10 D:\XAMPP\htdocs\pos_ynm_coffe\system\Boot.php(67): CodeIgniter\Boot::runCodeIgniter(Object(CodeIgniter\CodeIgniter))
#11 D:\XAMPP\htdocs\pos_ynm_coffe\public\index.php(56): CodeIgniter\Boot::bootWeb(Object(Config\Paths))
#12 D:\XAMPP\htdocs\pos_ynm_coffe\system\rewrite.php(44): require_once('D:\\XAMPP\\htdocs...')
#13 {main}
CRITICAL - 2026-04-02 03:46:03 --> CodeIgniter\Database\Exceptions\DatabaseException: Unable to connect to the database.
Main connection [MySQLi]: No connection could be made because the target machine actively refused it
[Method: POST, Route: login/process]
in SYSTEMPATH\Database\BaseConnection.php on line 467.
 1 SYSTEMPATH\Database\BaseConnection.php(616): CodeIgniter\Database\BaseConnection->initialize()
 2 SYSTEMPATH\Database\BaseBuilder.php(1644): CodeIgniter\Database\BaseConnection->query('SELECT *
FROM `users`
WHERE `username` = :username:
 LIMIT 1', [...], false)
 3 SYSTEMPATH\Model.php(330): CodeIgniter\Database\BaseBuilder->get()
 4 SYSTEMPATH\BaseModel.php(714): CodeIgniter\Model->doFirst()
 5 APPPATH\Controllers\AuthController.php(27): CodeIgniter\BaseModel->first()
 6 SYSTEMPATH\CodeIgniter.php(933): App\Controllers\AuthController->process()
 7 SYSTEMPATH\CodeIgniter.php(509): CodeIgniter\CodeIgniter->runController(Object(App\Controllers\AuthController))
 8 SYSTEMPATH\CodeIgniter.php(355): CodeIgniter\CodeIgniter->handleRequest(null, Object(Config\Cache), false)
 9 SYSTEMPATH\Boot.php(325): CodeIgniter\CodeIgniter->run()
10 SYSTEMPATH\Boot.php(67): CodeIgniter\Boot::runCodeIgniter(Object(CodeIgniter\CodeIgniter))
11 FCPATH\index.php(56): CodeIgniter\Boot::bootWeb(Object(Config\Paths))
12 SYSTEMPATH\rewrite.php(44): require_once('D:\\XAMPP\\htdocs\\pos_ynm_coffe\\public\\index.php')
INFO - 2026-04-02 03:46:18 --> Session: Class initialized using 'CodeIgniter\Session\Handlers\FileHandler' driver.
INFO - 2026-04-02 03:46:19 --> Session: Class initialized using 'CodeIgniter\Session\Handlers\FileHandler' driver.
INFO - 2026-04-02 03:47:17 --> Session: Class initialized using 'CodeIgniter\Session\Handlers\FileHandler' driver.
INFO - 2026-04-02 03:47:26 --> Session: Class initialized using 'CodeIgniter\Session\Handlers\FileHandler' driver.
INFO - 2026-04-02 03:47:33 --> Session: Class initialized using 'CodeIgniter\Session\Handlers\FileHandler' driver.
INFO - 2026-04-02 03:47:41 --> Session: Class initialized using 'CodeIgniter\Session\Handlers\FileHandler' driver.
INFO - 2026-04-02 03:49:32 --> Session: Class initialized using 'CodeIgniter\Session\Handlers\FileHandler' driver.
INFO - 2026-04-02 03:49:38 --> Session: Class initialized using 'CodeIgniter\Session\Handlers\FileHandler' driver.
INFO - 2026-04-02 03:49:47 --> Session: Class initialized using 'CodeIgniter\Session\Handlers\FileHandler' driver.
INFO - 2026-04-02 03:49:47 --> Session: Class initialized using 'CodeIgniter\Session\Handlers\FileHandler' driver.
INFO - 2026-04-02 03:49:51 --> Session: Class initialized using 'CodeIgniter\Session\Handlers\FileHandler' driver.
INFO - 2026-04-02 03:50:03 --> Session: Class initialized using 'CodeIgniter\Session\Handlers\FileHandler' driver.
INFO - 2026-04-02 03:50:03 --> Session: Class initialized using 'CodeIgniter\Session\Handlers\FileHandler' driver.
INFO - 2026-04-02 03:50:14 --> Session: Class initialized using 'CodeIgniter\Session\Handlers\FileHandler' driver.
INFO - 2026-04-02 03:50:14 --> Session: Class initialized using 'CodeIgniter\Session\Handlers\FileHandler' driver.
INFO - 2026-04-02 03:51:19 --> Session: Class initialized using 'CodeIgniter\Session\Handlers\FileHandler' driver.
INFO - 2026-04-02 03:51:31 --> Session: Class initialized using 'CodeIgniter\Session\Handlers\FileHandler' driver.
INFO - 2026-04-02 03:51:43 --> Session: Class initialized using 'CodeIgniter\Session\Handlers\FileHandler' driver.
INFO - 2026-04-02 03:52:34 --> Session: Class initialized using 'CodeIgniter\Session\Handlers\FileHandler' driver.
INFO - 2026-04-02 03:52:35 --> Session: Class initialized using 'CodeIgniter\Session\Handlers\FileHandler' driver.
INFO - 2026-04-02 03:52:46 --> Session: Class initialized using 'CodeIgniter\Session\Handlers\FileHandler' driver.
INFO - 2026-04-02 03:52:47 --> Session: Class initialized using 'CodeIgniter\Session\Handlers\FileHandler' driver.
INFO - 2026-04-02 03:52:58 --> Session: Class initialized using 'CodeIgniter\Session\Handlers\FileHandler' driver.
INFO - 2026-04-02 03:53:02 --> Session: Class initialized using 'CodeIgniter\Session\Handlers\FileHandler' driver.
INFO - 2026-04-02 03:53:26 --> Session: Class initialized using 'CodeIgniter\Session\Handlers\FileHandler' driver.
