ERROR - 2024-10-31 12:00:00 --> mysqli_sql_exception: Unknown column 'id' in 'where clause' in D:\XAMPP\htdocs\latihanci4_dimasaditya\system\Database\MySQLi\Connection.php:312
Stack trace:
#0 D:\XAMPP\htdocs\latihanci4_dimasaditya\system\Database\MySQLi\Connection.php(312): mysqli->query('UPDATE `tbl_mat...', 0)
#1 D:\XAMPP\htdocs\latihanci4_dimasaditya\system\Database\BaseConnection.php(734): CodeIgniter\Database\MySQLi\Connection->execute('UPDATE `tbl_mat...')
#2 D:\XAMPP\htdocs\latihanci4_dimasaditya\system\Database\BaseConnection.php(648): CodeIgniter\Database\BaseConnection->simpleQuery('UPDATE `tbl_mat...')
#3 D:\XAMPP\htdocs\latihanci4_dimasaditya\system\Database\BaseBuilder.php(2516): CodeIgniter\Database\BaseConnection->query('UPDATE `tbl_mat...', Array, false)
#4 D:\XAMPP\htdocs\latihanci4_dimasaditya\app\Models\MatakuliahModel.php(19): CodeIgniter\Database\BaseBuilder->update(Array, Array)
#5 D:\XAMPP\htdocs\latihanci4_dimasaditya\app\Controllers\Matakuliah.php(60): App\Models\MatakuliahModel->update_data(Array, '1')
#6 D:\XAMPP\htdocs\latihanci4_dimasaditya\system\CodeIgniter.php(933): App\Controllers\Matakuliah->update()
#7 D:\XAMPP\htdocs\latihanci4_dimasaditya\system\CodeIgniter.php(509): CodeIgniter\CodeIgniter->runController(Object(App\Controllers\Matakuliah))
#8 D:\XAMPP\htdocs\latihanci4_dimasaditya\system\CodeIgniter.php(355): CodeIgniter\CodeIgniter->handleRequest(NULL, Object(Config\Cache), false)
#9 D:\XAMPP\htdocs\latihanci4_dimasaditya\system\Boot.php(325): CodeIgniter\CodeIgniter->run()
#10 D:\XAMPP\htdocs\latihanci4_dimasaditya\system\Boot.php(67): CodeIgniter\Boot::runCodeIgniter(Object(CodeIgniter\CodeIgniter))
#11 D:\XAMPP\htdocs\latihanci4_dimasaditya\public\index.php(56): CodeIgniter\Boot::bootWeb(Object(Config\Paths))
#12 D:\XAMPP\htdocs\latihanci4_dimasaditya\system\rewrite.php(44): require_once('D:\\XAMPP\\htdocs...')
#13 {main}
CRITICAL - 2024-10-31 12:00:00 --> CodeIgniter\Database\Exceptions\DatabaseException: Unknown column 'id' in 'where clause'
[Method: POST, Route: matakuliah/update]
in SYSTEMPATH\Database\BaseConnection.php on line 688.
 1 SYSTEMPATH\Database\BaseBuilder.php(2516): CodeIgniter\Database\BaseConnection->query('UPDATE `tbl_matakuliah` SET `kode_mk` = :kode_mk:, `nama_mk` = :nama_mk:, `sks` = :sks:, `ruangan` = :ruangan:
WHERE `id` = :id:', [...], false)
 2 APPPATH\Models\MatakuliahModel.php(19): CodeIgniter\Database\BaseBuilder->update([...], [...])
 3 APPPATH\Controllers\Matakuliah.php(60): App\Models\MatakuliahModel->update_data([...], '1')
 4 SYSTEMPATH\CodeIgniter.php(933): App\Controllers\Matakuliah->update()
 5 SYSTEMPATH\CodeIgniter.php(509): CodeIgniter\CodeIgniter->runController(Object(App\Controllers\Matakuliah))
 6 SYSTEMPATH\CodeIgniter.php(355): CodeIgniter\CodeIgniter->handleRequest(null, Object(Config\Cache), false)
 7 SYSTEMPATH\Boot.php(325): CodeIgniter\CodeIgniter->run()
 8 SYSTEMPATH\Boot.php(67): CodeIgniter\Boot::runCodeIgniter(Object(CodeIgniter\CodeIgniter))
 9 FCPATH\index.php(56): CodeIgniter\Boot::bootWeb(Object(Config\Paths))
10 SYSTEMPATH\rewrite.php(44): require_once('D:\\XAMPP\\htdocs\\latihanci4_dimasaditya\\public\\index.php')
CRITICAL - 2024-10-31 12:00:00 --> [Caused by] CodeIgniter\Database\Exceptions\DatabaseException: Unknown column 'id' in 'where clause'
in SYSTEMPATH\Database\MySQLi\Connection.php on line 317.
 1 SYSTEMPATH\Database\BaseConnection.php(734): CodeIgniter\Database\MySQLi\Connection->execute('UPDATE `tbl_matakuliah` SET `kode_mk` = \'11111\', `nama_mk` = \'2222\', `sks` = NULL, `ruangan` = \'4444\'
WHERE `id` = \'1\'')
 2 SYSTEMPATH\Database\BaseConnection.php(648): CodeIgniter\Database\BaseConnection->simpleQuery('UPDATE `tbl_matakuliah` SET `kode_mk` = \'11111\', `nama_mk` = \'2222\', `sks` = NULL, `ruangan` = \'4444\'
WHERE `id` = \'1\'')
 3 SYSTEMPATH\Database\BaseBuilder.php(2516): CodeIgniter\Database\BaseConnection->query('UPDATE `tbl_matakuliah` SET `kode_mk` = :kode_mk:, `nama_mk` = :nama_mk:, `sks` = :sks:, `ruangan` = :ruangan:
WHERE `id` = :id:', [...], false)
 4 APPPATH\Models\MatakuliahModel.php(19): CodeIgniter\Database\BaseBuilder->update([...], [...])
 5 APPPATH\Controllers\Matakuliah.php(60): App\Models\MatakuliahModel->update_data([...], '1')
 6 SYSTEMPATH\CodeIgniter.php(933): App\Controllers\Matakuliah->update()
 7 SYSTEMPATH\CodeIgniter.php(509): CodeIgniter\CodeIgniter->runController(Object(App\Controllers\Matakuliah))
 8 SYSTEMPATH\CodeIgniter.php(355): CodeIgniter\CodeIgniter->handleRequest(null, Object(Config\Cache), false)
 9 SYSTEMPATH\Boot.php(325): CodeIgniter\CodeIgniter->run()
10 SYSTEMPATH\Boot.php(67): CodeIgniter\Boot::runCodeIgniter(Object(CodeIgniter\CodeIgniter))
11 FCPATH\index.php(56): CodeIgniter\Boot::bootWeb(Object(Config\Paths))
12 SYSTEMPATH\rewrite.php(44): require_once('D:\\XAMPP\\htdocs\\latihanci4_dimasaditya\\public\\index.php')
CRITICAL - 2024-10-31 12:00:00 --> [Caused by] mysqli_sql_exception: Unknown column 'id' in 'where clause'
in SYSTEMPATH\Database\MySQLi\Connection.php on line 312.
 1 SYSTEMPATH\Database\MySQLi\Connection.php(312): mysqli->query('UPDATE `tbl_matakuliah` SET `kode_mk` = \'11111\', `nama_mk` = \'2222\', `sks` = NULL, `ruangan` = \'4444\'
WHERE `id` = \'1\'', 0)
 2 SYSTEMPATH\Database\BaseConnection.php(734): CodeIgniter\Database\MySQLi\Connection->execute('UPDATE `tbl_matakuliah` SET `kode_mk` = \'11111\', `nama_mk` = \'2222\', `sks` = NULL, `ruangan` = \'4444\'
WHERE `id` = \'1\'')
 3 SYSTEMPATH\Database\BaseConnection.php(648): CodeIgniter\Database\BaseConnection->simpleQuery('UPDATE `tbl_matakuliah` SET `kode_mk` = \'11111\', `nama_mk` = \'2222\', `sks` = NULL, `ruangan` = \'4444\'
WHERE `id` = \'1\'')
 4 SYSTEMPATH\Database\BaseBuilder.php(2516): CodeIgniter\Database\BaseConnection->query('UPDATE `tbl_matakuliah` SET `kode_mk` = :kode_mk:, `nama_mk` = :nama_mk:, `sks` = :sks:, `ruangan` = :ruangan:
WHERE `id` = :id:', [...], false)
 5 APPPATH\Models\MatakuliahModel.php(19): CodeIgniter\Database\BaseBuilder->update([...], [...])
 6 APPPATH\Controllers\Matakuliah.php(60): App\Models\MatakuliahModel->update_data([...], '1')
 7 SYSTEMPATH\CodeIgniter.php(933): App\Controllers\Matakuliah->update()
 8 SYSTEMPATH\CodeIgniter.php(509): CodeIgniter\CodeIgniter->runController(Object(App\Controllers\Matakuliah))
 9 SYSTEMPATH\CodeIgniter.php(355): CodeIgniter\CodeIgniter->handleRequest(null, Object(Config\Cache), false)
10 SYSTEMPATH\Boot.php(325): CodeIgniter\CodeIgniter->run()
11 SYSTEMPATH\Boot.php(67): CodeIgniter\Boot::runCodeIgniter(Object(CodeIgniter\CodeIgniter))
12 FCPATH\index.php(56): CodeIgniter\Boot::bootWeb(Object(Config\Paths))
13 SYSTEMPATH\rewrite.php(44): require_once('D:\\XAMPP\\htdocs\\latihanci4_dimasaditya\\public\\index.php')
INFO - 2024-10-31 12:55:22 --> Session: Class initialized using 'CodeIgniter\Session\Handlers\FileHandler' driver.
CRITICAL - 2024-10-31 12:55:22 --> ErrorException: Undefined variable $validation
[Method: GET, Route: mahasiswa/tambah]
in APPPATH\Views\mahasiswa\form_tambah.php on line 17.
 1 APPPATH\Views\mahasiswa\form_tambah.php(17): CodeIgniter\Debug\Exceptions->errorHandler(2, 'Undefined variable $validation', 'D:\\XAMPP\\htdocs\\latihanci4_dimasaditya\\app\\Views\\mahasiswa\\form_tambah.php', 17)
 2 SYSTEMPATH\View\View.php(234): include('D:\\XAMPP\\htdocs\\latihanci4_dimasaditya\\app\\Views\\mahasiswa\\form_tambah.php')
 3 SYSTEMPATH\View\View.php(237): CodeIgniter\View\View->CodeIgniter\View\{closure}()
 4 SYSTEMPATH\Common.php(1171): CodeIgniter\View\View->render('mahasiswa/form_tambah', [], true)
 5 APPPATH\Controllers\Mahasiswa.php(49): view('mahasiswa/form_tambah', [...])
 6 SYSTEMPATH\CodeIgniter.php(933): App\Controllers\Mahasiswa->tambah()
 7 SYSTEMPATH\CodeIgniter.php(509): CodeIgniter\CodeIgniter->runController(Object(App\Controllers\Mahasiswa))
 8 SYSTEMPATH\CodeIgniter.php(355): CodeIgniter\CodeIgniter->handleRequest(null, Object(Config\Cache), false)
 9 SYSTEMPATH\Boot.php(325): CodeIgniter\CodeIgniter->run()
10 SYSTEMPATH\Boot.php(67): CodeIgniter\Boot::runCodeIgniter(Object(CodeIgniter\CodeIgniter))
11 FCPATH\index.php(56): CodeIgniter\Boot::bootWeb(Object(Config\Paths))
12 SYSTEMPATH\rewrite.php(44): require_once('D:\\XAMPP\\htdocs\\latihanci4_dimasaditya\\public\\index.php')
INFO - 2024-10-31 12:56:50 --> Session: Class initialized using 'CodeIgniter\Session\Handlers\FileHandler' driver.
CRITICAL - 2024-10-31 12:56:50 --> ErrorException: Undefined variable $validation
[Method: GET, Route: mahasiswa/tambah]
in APPPATH\Views\mahasiswa\form_tambah.php on line 19.
 1 APPPATH\Views\mahasiswa\form_tambah.php(19): CodeIgniter\Debug\Exceptions->errorHandler(2, 'Undefined variable $validation', 'D:\\XAMPP\\htdocs\\latihanci4_dimasaditya\\app\\Views\\mahasiswa\\form_tambah.php', 19)
 2 SYSTEMPATH\View\View.php(234): include('D:\\XAMPP\\htdocs\\latihanci4_dimasaditya\\app\\Views\\mahasiswa\\form_tambah.php')
 3 SYSTEMPATH\View\View.php(237): CodeIgniter\View\View->CodeIgniter\View\{closure}()
 4 SYSTEMPATH\Common.php(1171): CodeIgniter\View\View->render('mahasiswa/form_tambah', [], true)
 5 APPPATH\Controllers\Mahasiswa.php(49): view('mahasiswa/form_tambah', [...])
 6 SYSTEMPATH\CodeIgniter.php(933): App\Controllers\Mahasiswa->tambah()
 7 SYSTEMPATH\CodeIgniter.php(509): CodeIgniter\CodeIgniter->runController(Object(App\Controllers\Mahasiswa))
 8 SYSTEMPATH\CodeIgniter.php(355): CodeIgniter\CodeIgniter->handleRequest(null, Object(Config\Cache), false)
 9 SYSTEMPATH\Boot.php(325): CodeIgniter\CodeIgniter->run()
10 SYSTEMPATH\Boot.php(67): CodeIgniter\Boot::runCodeIgniter(Object(CodeIgniter\CodeIgniter))
11 FCPATH\index.php(56): CodeIgniter\Boot::bootWeb(Object(Config\Paths))
12 SYSTEMPATH\rewrite.php(44): require_once('D:\\XAMPP\\htdocs\\latihanci4_dimasaditya\\public\\index.php')
INFO - 2024-10-31 12:58:03 --> Session: Class initialized using 'CodeIgniter\Session\Handlers\FileHandler' driver.
CRITICAL - 2024-10-31 12:58:03 --> ErrorException: Undefined variable $validation
[Method: GET, Route: mahasiswa/tambah]
in APPPATH\Views\mahasiswa\form_tambah.php on line 19.
 1 APPPATH\Views\mahasiswa\form_tambah.php(19): CodeIgniter\Debug\Exceptions->errorHandler(2, 'Undefined variable $validation', 'D:\\XAMPP\\htdocs\\latihanci4_dimasaditya\\app\\Views\\mahasiswa\\form_tambah.php', 19)
 2 SYSTEMPATH\View\View.php(234): include('D:\\XAMPP\\htdocs\\latihanci4_dimasaditya\\app\\Views\\mahasiswa\\form_tambah.php')
 3 SYSTEMPATH\View\View.php(237): CodeIgniter\View\View->CodeIgniter\View\{closure}()
 4 SYSTEMPATH\Common.php(1171): CodeIgniter\View\View->render('mahasiswa/form_tambah', [], true)
 5 APPPATH\Controllers\Mahasiswa.php(52): view('mahasiswa/form_tambah', [...])
 6 SYSTEMPATH\CodeIgniter.php(933): App\Controllers\Mahasiswa->tambah()
 7 SYSTEMPATH\CodeIgniter.php(509): CodeIgniter\CodeIgniter->runController(Object(App\Controllers\Mahasiswa))
 8 SYSTEMPATH\CodeIgniter.php(355): CodeIgniter\CodeIgniter->handleRequest(null, Object(Config\Cache), false)
 9 SYSTEMPATH\Boot.php(325): CodeIgniter\CodeIgniter->run()
10 SYSTEMPATH\Boot.php(67): CodeIgniter\Boot::runCodeIgniter(Object(CodeIgniter\CodeIgniter))
11 FCPATH\index.php(56): CodeIgniter\Boot::bootWeb(Object(Config\Paths))
12 SYSTEMPATH\rewrite.php(44): require_once('D:\\XAMPP\\htdocs\\latihanci4_dimasaditya\\public\\index.php')
INFO - 2024-10-31 12:59:11 --> Session: Class initialized using 'CodeIgniter\Session\Handlers\FileHandler' driver.
CRITICAL - 2024-10-31 12:59:11 --> ErrorException: Undefined variable $validation
[Method: GET, Route: mahasiswa/tambah]
in APPPATH\Views\mahasiswa\form_tambah.php on line 19.
 1 APPPATH\Views\mahasiswa\form_tambah.php(19): CodeIgniter\Debug\Exceptions->errorHandler(2, 'Undefined variable $validation', 'D:\\XAMPP\\htdocs\\latihanci4_dimasaditya\\app\\Views\\mahasiswa\\form_tambah.php', 19)
 2 SYSTEMPATH\View\View.php(234): include('D:\\XAMPP\\htdocs\\latihanci4_dimasaditya\\app\\Views\\mahasiswa\\form_tambah.php')
 3 SYSTEMPATH\View\View.php(237): CodeIgniter\View\View->CodeIgniter\View\{closure}()
 4 SYSTEMPATH\Common.php(1171): CodeIgniter\View\View->render('mahasiswa/form_tambah', [], true)
 5 APPPATH\Controllers\Mahasiswa.php(52): view('mahasiswa/form_tambah', [...])
 6 SYSTEMPATH\CodeIgniter.php(933): App\Controllers\Mahasiswa->tambah()
 7 SYSTEMPATH\CodeIgniter.php(509): CodeIgniter\CodeIgniter->runController(Object(App\Controllers\Mahasiswa))
 8 SYSTEMPATH\CodeIgniter.php(355): CodeIgniter\CodeIgniter->handleRequest(null, Object(Config\Cache), false)
 9 SYSTEMPATH\Boot.php(325): CodeIgniter\CodeIgniter->run()
10 SYSTEMPATH\Boot.php(67): CodeIgniter\Boot::runCodeIgniter(Object(CodeIgniter\CodeIgniter))
11 FCPATH\index.php(56): CodeIgniter\Boot::bootWeb(Object(Config\Paths))
12 SYSTEMPATH\rewrite.php(44): require_once('D:\\XAMPP\\htdocs\\latihanci4_dimasaditya\\public\\index.php')
INFO - 2024-10-31 13:01:24 --> Session: Class initialized using 'CodeIgniter\Session\Handlers\FileHandler' driver.
CRITICAL - 2024-10-31 13:01:24 --> ErrorException: Undefined variable $validation
[Method: GET, Route: mahasiswa/tambah]
in APPPATH\Views\mahasiswa\form_tambah.php on line 19.
 1 APPPATH\Views\mahasiswa\form_tambah.php(19): CodeIgniter\Debug\Exceptions->errorHandler(2, 'Undefined variable $validation', 'D:\\XAMPP\\htdocs\\latihanci4_dimasaditya\\app\\Views\\mahasiswa\\form_tambah.php', 19)
 2 SYSTEMPATH\View\View.php(234): include('D:\\XAMPP\\htdocs\\latihanci4_dimasaditya\\app\\Views\\mahasiswa\\form_tambah.php')
 3 SYSTEMPATH\View\View.php(237): CodeIgniter\View\View->CodeIgniter\View\{closure}()
 4 SYSTEMPATH\Common.php(1171): CodeIgniter\View\View->render('mahasiswa/form_tambah', [], true)
 5 APPPATH\Controllers\Mahasiswa.php(26): view('mahasiswa/form_tambah', [...])
 6 SYSTEMPATH\CodeIgniter.php(933): App\Controllers\Mahasiswa->tambah()
 7 SYSTEMPATH\CodeIgniter.php(509): CodeIgniter\CodeIgniter->runController(Object(App\Controllers\Mahasiswa))
 8 SYSTEMPATH\CodeIgniter.php(355): CodeIgniter\CodeIgniter->handleRequest(null, Object(Config\Cache), false)
 9 SYSTEMPATH\Boot.php(325): CodeIgniter\CodeIgniter->run()
10 SYSTEMPATH\Boot.php(67): CodeIgniter\Boot::runCodeIgniter(Object(CodeIgniter\CodeIgniter))
11 FCPATH\index.php(56): CodeIgniter\Boot::bootWeb(Object(Config\Paths))
12 SYSTEMPATH\rewrite.php(44): require_once('D:\\XAMPP\\htdocs\\latihanci4_dimasaditya\\public\\index.php')
INFO - 2024-10-31 13:01:26 --> Session: Class initialized using 'CodeIgniter\Session\Handlers\FileHandler' driver.
CRITICAL - 2024-10-31 13:01:26 --> ErrorException: Undefined variable $validation
[Method: GET, Route: mahasiswa/tambah]
in APPPATH\Views\mahasiswa\form_tambah.php on line 19.
 1 APPPATH\Views\mahasiswa\form_tambah.php(19): CodeIgniter\Debug\Exceptions->errorHandler(2, 'Undefined variable $validation', 'D:\\XAMPP\\htdocs\\latihanci4_dimasaditya\\app\\Views\\mahasiswa\\form_tambah.php', 19)
 2 SYSTEMPATH\View\View.php(234): include('D:\\XAMPP\\htdocs\\latihanci4_dimasaditya\\app\\Views\\mahasiswa\\form_tambah.php')
 3 SYSTEMPATH\View\View.php(237): CodeIgniter\View\View->CodeIgniter\View\{closure}()
 4 SYSTEMPATH\Common.php(1171): CodeIgniter\View\View->render('mahasiswa/form_tambah', [], true)
 5 APPPATH\Controllers\Mahasiswa.php(26): view('mahasiswa/form_tambah', [...])
 6 SYSTEMPATH\CodeIgniter.php(933): App\Controllers\Mahasiswa->tambah()
 7 SYSTEMPATH\CodeIgniter.php(509): CodeIgniter\CodeIgniter->runController(Object(App\Controllers\Mahasiswa))
 8 SYSTEMPATH\CodeIgniter.php(355): CodeIgniter\CodeIgniter->handleRequest(null, Object(Config\Cache), false)
 9 SYSTEMPATH\Boot.php(325): CodeIgniter\CodeIgniter->run()
10 SYSTEMPATH\Boot.php(67): CodeIgniter\Boot::runCodeIgniter(Object(CodeIgniter\CodeIgniter))
11 FCPATH\index.php(56): CodeIgniter\Boot::bootWeb(Object(Config\Paths))
12 SYSTEMPATH\rewrite.php(44): require_once('D:\\XAMPP\\htdocs\\latihanci4_dimasaditya\\public\\index.php')
INFO - 2024-10-31 13:01:27 --> Session: Class initialized using 'CodeIgniter\Session\Handlers\FileHandler' driver.
CRITICAL - 2024-10-31 13:01:27 --> ErrorException: Undefined variable $validation
[Method: GET, Route: mahasiswa/tambah]
in APPPATH\Views\mahasiswa\form_tambah.php on line 19.
 1 APPPATH\Views\mahasiswa\form_tambah.php(19): CodeIgniter\Debug\Exceptions->errorHandler(2, 'Undefined variable $validation', 'D:\\XAMPP\\htdocs\\latihanci4_dimasaditya\\app\\Views\\mahasiswa\\form_tambah.php', 19)
 2 SYSTEMPATH\View\View.php(234): include('D:\\XAMPP\\htdocs\\latihanci4_dimasaditya\\app\\Views\\mahasiswa\\form_tambah.php')
 3 SYSTEMPATH\View\View.php(237): CodeIgniter\View\View->CodeIgniter\View\{closure}()
 4 SYSTEMPATH\Common.php(1171): CodeIgniter\View\View->render('mahasiswa/form_tambah', [], true)
 5 APPPATH\Controllers\Mahasiswa.php(26): view('mahasiswa/form_tambah', [...])
 6 SYSTEMPATH\CodeIgniter.php(933): App\Controllers\Mahasiswa->tambah()
 7 SYSTEMPATH\CodeIgniter.php(509): CodeIgniter\CodeIgniter->runController(Object(App\Controllers\Mahasiswa))
 8 SYSTEMPATH\CodeIgniter.php(355): CodeIgniter\CodeIgniter->handleRequest(null, Object(Config\Cache), false)
 9 SYSTEMPATH\Boot.php(325): CodeIgniter\CodeIgniter->run()
10 SYSTEMPATH\Boot.php(67): CodeIgniter\Boot::runCodeIgniter(Object(CodeIgniter\CodeIgniter))
11 FCPATH\index.php(56): CodeIgniter\Boot::bootWeb(Object(Config\Paths))
12 SYSTEMPATH\rewrite.php(44): require_once('D:\\XAMPP\\htdocs\\latihanci4_dimasaditya\\public\\index.php')
INFO - 2024-10-31 13:01:46 --> Session: Class initialized using 'CodeIgniter\Session\Handlers\FileHandler' driver.
INFO - 2024-10-31 13:03:57 --> Session: Class initialized using 'CodeIgniter\Session\Handlers\FileHandler' driver.
INFO - 2024-10-31 13:16:09 --> Session: Class initialized using 'CodeIgniter\Session\Handlers\FileHandler' driver.
