CRITICAL - 2024-10-10 04:47:09 --> ParseError: syntax error, unexpected token "}", expecting "," or ";"
[Method: GET, Route: Latihan/tampil_view]
in APPPATH\Controllers\Latihan.php on line 25.
 1 SYSTEMPATH\Router\Router.php(563): CodeIgniter\Router\AutoRouter->getRoute('Latihan/tampil_view', 'GET')
 2 SYSTEMPATH\Router\Router.php(228): CodeIgniter\Router\Router->autoRoute('Latihan/tampil_view')
 3 SYSTEMPATH\CodeIgniter.php(834): CodeIgniter\Router\Router->handle('Latihan/tampil_view')
 4 SYSTEMPATH\CodeIgniter.php(457): CodeIgniter\CodeIgniter->tryToRouteIt(Object(CodeIgniter\Router\RouteCollection))
 5 SYSTEMPATH\CodeIgniter.php(355): CodeIgniter\CodeIgniter->handleRequest(null, Object(Config\Cache), false)
 6 SYSTEMPATH\Boot.php(325): CodeIgniter\CodeIgniter->run()
 7 SYSTEMPATH\Boot.php(67): CodeIgniter\Boot::runCodeIgniter(Object(CodeIgniter\CodeIgniter))
 8 FCPATH\index.php(56): CodeIgniter\Boot::bootWeb(Object(Config\Paths))
CRITICAL - 2024-10-10 05:07:31 --> Error: Class "App\Models\LatihanModel" not found
[Method: GET, Route: latihan]
in APPPATH\Controllers\Latihan.php on line 17.
 1 SYSTEMPATH\CodeIgniter.php(903): App\Controllers\Latihan->__construct()
 2 SYSTEMPATH\CodeIgniter.php(500): CodeIgniter\CodeIgniter->createController()
 3 SYSTEMPATH\CodeIgniter.php(355): CodeIgniter\CodeIgniter->handleRequest(null, Object(Config\Cache), false)
 4 SYSTEMPATH\Boot.php(325): CodeIgniter\CodeIgniter->run()
 5 SYSTEMPATH\Boot.php(67): CodeIgniter\Boot::runCodeIgniter(Object(CodeIgniter\CodeIgniter))
 6 FCPATH\index.php(56): CodeIgniter\Boot::bootWeb(Object(Config\Paths))
 7 SYSTEMPATH\rewrite.php(44): require_once('D:\\XAMPP\\htdocs\\latihanci4_dimasaditya\\public\\index.php')
